<?xml version="1.0" encoding="UTF-8"?>
<!-- Generated by org.testng.reporters.JUnitReportReporter -->
<testsuite skipped="0" hostname="Mccandless-Mac.local" name="testcases.LoginTest" tests="2" failures="0" timestamp="23 Apr 2023 07:17:22 GMT" time="20.029" errors="0">
  <testcase name="InvalidLogin" time="8.088" classname="testcases.LoginTest"/>
  <testcase name="ValidLogin" time="11.941" classname="testcases.LoginTest"/>
</testsuite> <!-- testcases.LoginTest -->
